Timeout was reached
GDBus.Error:org.freedesktop.DBus.Error.NameHasNoOwner: Could not activate remote peer: activation request failed: a concurrent deactivation request is already in progress.
GDBus.Error:org.freedesktop.DBus.Error.NameHasNoOwner: Could not activate remote peer: activation request failed: a concurrent deactivation request is already in progress.
GDBus.Error:org.freedesktop.DBus.Error.NameHasNoOwner: Could not activate remote peer: activation request failed: a concurrent deactivation request is already in progress.
Error calling StartServiceByName for org.freedesktop.Notifications: Timeout was reached
Error calling StartServiceByName for org.freedesktop.Notifications: Timeout was reached
Error calling StartServiceByName for org.freedesktop.Notifications: Timeout was reached
Error calling StartServiceByName for org.freedesktop.Notifications: Timeout was reached
Error calling StartServiceByName for org.freedesktop.Notifications: Timeout was reached
Error calling StartServiceByName for org.freedesktop.Notifications: Timeout was reached
Timeout was reached
Timeout was reached
Timeout was reached
Timeout was reached
GDBus.Error:org.freedesktop.DBus.Error.NoReply: Remote peer disconnected
Timeout was reached
Timeout was reached
Timeout was reached
Timeout was reached
Timeout was reached
Timeout was reached
Timeout was reached
Timeout was reached
Timeout was reached
Timeout was reached
Timeout was reached
Timeout was reached
Timeout was reached
Timeout was reached
Timeout was reached
Timeout was reached
Timeout was reached
GDBus.Error:org.freedesktop.DBus.Error.NoReply: Remote peer disconnected
Timeout was reached
Timeout was reached
Timeout was reached
Timeout was reached
Timeout was reached
Timeout was reached
Timeout was reached
Timeout was reached
Timeout was reached
Timeout was reached
Timeout was reached
Timeout was reached
Timeout was reached
Timeout was reached
Timeout was reached
Timeout was reached
Timeout was reached
Timeout was reached
Timeout was reached
Error calling StartServiceByName for org.freedesktop.Notifications: Timeout was reached
Timeout was reached
Timeout was reached
Error calling StartServiceByName for org.freedesktop.Notifications: Timeout was reached
Timeout was reached
Timeout was reached
Timeout was reached
Timeout was reached
Timeout was reached
Timeout was reached
Timeout was reached
Timeout was reached
Timeout was reached
Timeout was reached
Timeout was reached
Timeout was reached
Timeout was reached
Timeout was reached
Timeout was reached
Timeout was reached
Timeout was reached
Timeout was reached
Timeout was reached
Timeout was reached
GDBus.Error:org.freedesktop.DBus.Error.NameHasNoOwner: Could not activate remote peer: activation request failed: a concurrent deactivation request is already in progress.
Timeout was reached
Timeout was reached
Timeout was reached
Timeout was reached
GDBus.Error:org.freedesktop.DBus.Error.UnknownObject: No such object path '/org/freedesktop/Notifications'
Timeout was reached
Timeout was reached
Timeout was reached
Timeout was reached
Timeout was reached
Timeout was reached
Timeout was reached
Timeout was reached
GDBus.Error:org.freedesktop.DBus.Error.UnknownObject: No such object path '/org/freedesktop/Notifications'
GDBus.Error:org.freedesktop.DBus.Error.UnknownObject: No such object path '/org/freedesktop/Notifications'
Timeout was reached
GDBus.Error:org.freedesktop.DBus.Error.NameHasNoOwner: Could not activate remote peer: activation request failed: a concurrent deactivation request is already in progress.
Timeout was reached
Timeout was reached
